<?xml version="1.0" encoding="UTF-8"?>
<testng-results ignored="0" total="1" passed="1" failed="0" skipped="0">
  <reporter-output>
  </reporter-output>
  <suite started-at="2022-11-17T01:11:06Z" name="Suite" finished-at="2022-11-17T01:11:06Z" duration-ms="100">
    <groups>
    </groups>
    <test started-at="2022-11-17T01:11:06Z" name="maven" finished-at="2022-11-17T01:11:06Z" duration-ms="100">
      <class name="SeleniumMaven.MavenDemo.MavenReview">
        <test-method signature="MavenClassOne()[pri:0, instance:SeleniumMaven.MavenDemo.MavenReview@6e005dc9]" started-at="2022-11-16T20:11:06Z" name="MavenClassOne" finished-at="2022-11-16T20:11:06Z" duration-ms="35" status="PASS">
          <reporter-output>
          </reporter-output>
        </test-method> <!-- MavenClassOne -->
      </class> <!-- SeleniumMaven.MavenDemo.MavenReview -->
    </test> <!-- maven -->
  </suite> <!-- Suite -->
</testng-results>
