<?xml version="1.0" encoding="UTF-8"?>
<!-- Generated by org.testng.reporters.JUnitXMLReporter -->
<testsuite ignored="0" hostname="DESKTOP-060NQKG" failures="0" tests="6" name="maven" time="0.088" errors="0" timestamp="17 Nov 2022 01:40:46 GMT">
  <testcase classname="SeleniumMaven.MavenDemo.MavenClassOne" name="MavenClassFour" time="0.028"/>
  <testcase classname="SeleniumMaven.MavenDemo.MavenClassOne" name="MavenClassThree" time="0.001"/>
  <testcase classname="SeleniumMaven.MavenDemo.MavenClassTwo" name="MavenClassEight" time="0.001"/>
  <testcase classname="SeleniumMaven.MavenDemo.MavenClassTwo" name="MavenClassSeven" time="0.001"/>
  <testcase classname="SeleniumMaven.MavenDemo.MavenClassThree" name="MavenClassFive" time="0.0"/>
  <testcase classname="SeleniumMaven.MavenDemo.MavenClassThree" name="MavenClassSix" time="0.002"/>
</testsuite> <!-- maven -->
