<?xml version="1.0" encoding="UTF-8"?>
<testng-results ignored="0" total="6" passed="6" failed="0" skipped="0">
  <reporter-output>
  </reporter-output>
  <suite started-at="2022-11-17T01:40:46Z" name="Suite" finished-at="2022-11-17T01:40:46Z" duration-ms="88">
    <groups>
    </groups>
    <test started-at="2022-11-17T01:40:46Z" name="maven" finished-at="2022-11-17T01:40:46Z" duration-ms="88">
      <class name="SeleniumMaven.MavenDemo.MavenClassThree">
        <test-method signature="MavenClassFive()[pri:0, instance:SeleniumMaven.MavenDemo.MavenClassThree@3b0fe47a]" started-at="2022-11-16T20:40:46Z" name="MavenClassFive" finished-at="2022-11-16T20:40:46Z" duration-ms="0" status="PASS">
          <reporter-output>
          </reporter-output>
        </test-method> <!-- MavenClassFive -->
        <test-method signature="MavenClassSix()[pri:0, instance:SeleniumMaven.MavenDemo.MavenClassThree@3b0fe47a]" started-at="2022-11-16T20:40:46Z" name="MavenClassSix" finished-at="2022-11-16T20:40:46Z" duration-ms="2" status="PASS">
          <reporter-output>
          </reporter-output>
        </test-method> <!-- MavenClassSix -->
      </class> <!-- SeleniumMaven.MavenDemo.MavenClassThree -->
      <class name="SeleniumMaven.MavenDemo.MavenClassOne">
        <test-method signature="MavenClassFour()[pri:0, instance:SeleniumMaven.MavenDemo.MavenClassOne@543295b0]" started-at="2022-11-16T20:40:46Z" name="MavenClassFour" finished-at="2022-11-16T20:40:46Z" duration-ms="28" status="PASS">
          <reporter-output>
          </reporter-output>
        </test-method> <!-- MavenClassFour -->
        <test-method signature="MavenClassThree()[pri:0, instance:SeleniumMaven.MavenDemo.MavenClassOne@543295b0]" started-at="2022-11-16T20:40:46Z" name="MavenClassThree" finished-at="2022-11-16T20:40:46Z" duration-ms="1" status="PASS">
          <reporter-output>
          </reporter-output>
        </test-method> <!-- MavenClassThree -->
      </class> <!-- SeleniumMaven.MavenDemo.MavenClassOne -->
      <class name="SeleniumMaven.MavenDemo.MavenClassTwo">
        <test-method signature="MavenClassEight()[pri:0, instance:SeleniumMaven.MavenDemo.MavenClassTwo@7ef82753]" started-at="2022-11-16T20:40:46Z" name="MavenClassEight" finished-at="2022-11-16T20:40:46Z" duration-ms="1" status="PASS">
          <reporter-output>
          </reporter-output>
        </test-method> <!-- MavenClassEight -->
        <test-method signature="MavenClassSeven()[pri:0, instance:SeleniumMaven.MavenDemo.MavenClassTwo@7ef82753]" started-at="2022-11-16T20:40:46Z" name="MavenClassSeven" finished-at="2022-11-16T20:40:46Z" duration-ms="1" status="PASS">
          <reporter-output>
          </reporter-output>
        </test-method> <!-- MavenClassSeven -->
      </class> <!-- SeleniumMaven.MavenDemo.MavenClassTwo -->
    </test> <!-- maven -->
  </suite> <!-- Suite -->
</testng-results>
